<?xml version="1.0" encoding="UTF-8"?>
<testng-results ignored="0" total="1" passed="1" failed="0" skipped="0">
  <reporter-output>
  </reporter-output>
  <suite started-at="2020-07-20T17:55:24 EDT" name="Sanity Suite" finished-at="2020-07-20T17:55:30 EDT" duration-ms="5553">
    <groups>
    </groups>
    <test started-at="2020-07-20T17:55:24 EDT" name="WRX Link Test" finished-at="2020-07-20T17:55:30 EDT" duration-ms="5553">
      <class name="com.qa.subispeed.test.HomePageTest">
        <test-method is-config="true" signature="init()[pri:0, instance:com.qa.subispeed.test.HomePageTest@5e0e82ae]" started-at="2020-07-20T17:55:24 EDT" name="init" finished-at="2020-07-20T17:55:29 EDT" duration-ms="4113" status="PASS">
          <reporter-output>
          </reporter-output>
        </test-method> <!-- init -->
        <test-method is-config="true" signature="setup()[pri:0, instance:com.qa.subispeed.test.HomePageTest@5e0e82ae]" started-at="2020-07-20T17:55:29 EDT" name="setup" finished-at="2020-07-20T17:55:29 EDT" duration-ms="14" status="PASS">
          <reporter-output>
          </reporter-output>
        </test-method> <!-- setup -->
        <test-method signature="verifyWRXLinkTest()[pri:0, instance:com.qa.subispeed.test.HomePageTest@5e0e82ae]" started-at="2020-07-20T17:55:29 EDT" name="verifyWRXLinkTest" finished-at="2020-07-20T17:55:30 EDT" duration-ms="1305" status="PASS">
          <reporter-output>
          </reporter-output>
        </test-method> <!-- verifyWRXLinkTest -->
        <test-method is-config="true" signature="breakdown()[pri:0, instance:com.qa.subispeed.test.HomePageTest@5e0e82ae]" started-at="2020-07-20T17:55:30 EDT" name="breakdown" finished-at="2020-07-20T17:55:30 EDT" duration-ms="96" status="PASS">
          <reporter-output>
          </reporter-output>
        </test-method> <!-- breakdown -->
      </class> <!-- com.qa.subispeed.test.HomePageTest -->
    </test> <!-- WRX Link Test -->
  </suite> <!-- Sanity Suite -->
</testng-results>
