<?xml version="1.0" encoding="UTF-8"?>
<testng-results ignored="0" total="1" passed="1" failed="0" skipped="0">
  <reporter-output>
  </reporter-output>
  <suite started-at="2020-07-19T17:49:07 EDT" name="Sanity Suite" finished-at="2020-07-19T17:49:13 EDT" duration-ms="6114">
    <groups>
    </groups>
    <test started-at="2020-07-19T17:49:07 EDT" name="WRX Link Test" finished-at="2020-07-19T17:49:13 EDT" duration-ms="6114">
      <class name="com.qa.subispeed.test.HomePageTest">
        <test-method is-config="true" signature="setup()[pri:0, instance:com.qa.subispeed.test.HomePageTest@74235045]" started-at="2020-07-19T17:49:07 EDT" name="setup" finished-at="2020-07-19T17:49:11 EDT" duration-ms="4860" status="PASS">
          <reporter-output>
          </reporter-output>
        </test-method> <!-- setup -->
        <test-method signature="verifyWRXLinkTest()[pri:0, instance:com.qa.subispeed.test.HomePageTest@74235045]" started-at="2020-07-19T17:49:11 EDT" name="verifyWRXLinkTest" finished-at="2020-07-19T17:49:13 EDT" duration-ms="1141" status="PASS">
          <reporter-output>
          </reporter-output>
        </test-method> <!-- verifyWRXLinkTest -->
        <test-method is-config="true" signature="breakdown()[pri:0, instance:com.qa.subispeed.test.HomePageTest@74235045]" started-at="2020-07-19T17:49:13 EDT" name="breakdown" finished-at="2020-07-19T17:49:13 EDT" duration-ms="93" status="PASS">
          <reporter-output>
          </reporter-output>
        </test-method> <!-- breakdown -->
      </class> <!-- com.qa.subispeed.test.HomePageTest -->
    </test> <!-- WRX Link Test -->
  </suite> <!-- Sanity Suite -->
</testng-results>
