<?xml version="1.0" encoding="UTF-8"?>
<testng-results skipped="0" failed="0" ignored="0" total="1" passed="1">
  <reporter-output>
  </reporter-output>
  <suite name="Sanity Suite" duration-ms="6040" started-at="2020-08-06T17:41:09 EDT" finished-at="2020-08-06T17:41:15 EDT">
    <groups>
    </groups>
    <test name="WRX_Link_Test" duration-ms="6040" started-at="2020-08-06T17:41:09 EDT" finished-at="2020-08-06T17:41:15 EDT">
      <class name="com.qa.subispeed.test.HomePageTest">
        <test-method status="PASS" signature="init()[pri:0, instance:com.qa.subispeed.test.HomePageTest@5a8806ef]" name="init" is-config="true" duration-ms="4692" started-at="2020-08-06T17:41:09 EDT" finished-at="2020-08-06T17:41:13 EDT">
          <reporter-output>
          </reporter-output>
        </test-method> <!-- init -->
        <test-method status="PASS" signature="setup()[pri:0, instance:com.qa.subispeed.test.HomePageTest@5a8806ef]" name="setup" is-config="true" duration-ms="17" started-at="2020-08-06T17:41:13 EDT" finished-at="2020-08-06T17:41:13 EDT">
          <reporter-output>
          </reporter-output>
        </test-method> <!-- setup -->
        <test-method status="PASS" signature="verifyWRXLinkTest()[pri:0, instance:com.qa.subispeed.test.HomePageTest@5a8806ef]" name="verifyWRXLinkTest" duration-ms="1208" started-at="2020-08-06T17:41:13 EDT" finished-at="2020-08-06T17:41:15 EDT">
          <reporter-output>
          </reporter-output>
        </test-method> <!-- verifyWRXLinkTest -->
        <test-method status="PASS" signature="breakdown()[pri:0, instance:com.qa.subispeed.test.HomePageTest@5a8806ef]" name="breakdown" is-config="true" duration-ms="98" started-at="2020-08-06T17:41:15 EDT" finished-at="2020-08-06T17:41:15 EDT">
          <reporter-output>
          </reporter-output>
        </test-method> <!-- breakdown -->
      </class> <!-- com.qa.subispeed.test.HomePageTest -->
    </test> <!-- WRX_Link_Test -->
  </suite> <!-- Sanity Suite -->
</testng-results>
